#
# There is insufficient memory for the Java Runtime Environment to continue.
# Native memory allocation (malloc) failed to allocate 130096 bytes for Chunk::new
# Possible reasons:
#   The system is out of physical RAM or swap space
#   In 32 bit mode, the process size limit was hit
# Possible solutions:
#   Reduce memory load on the system
#   Increase physical memory or swap space
#   Check if swap backing store is full
#   Use 64 bit Java on a 64 bit OS
#   Decrease Java heap size (-Xmx/-Xms)
#   Decrease number of Java threads
#   Decrease Java thread stack sizes (-Xss)
#   Set larger code cache with -XX:ReservedCodeCacheSize=
# This output file may be truncated or incomplete.
#
#  Out of Memory Error (allocation.cpp:390), pid=12684, tid=8280
#
# JRE version: Java(TM) SE Runtime Environment (8.0_45-b15) (build 1.8.0_45-b15)
# Java VM: Java HotSpot(TM) 64-Bit Server VM (25.45-b02 mixed mode windows-amd64 compressed oops)
# Failed to write core dump. Minidumps are not enabled by default on client versions of Windows
#

---------------  T H R E A D  ---------------

Current thread (0x0000000005bcd000):  JavaThread "C2 CompilerThread1" daemon [_thread_in_native, id=8280, stack(0x00000000075c0000,0x00000000076c0000)]

Stack: [0x00000000075c0000,0x00000000076c0000]
Native frames: (J=compiled Java code, j=interpreted, Vv=VM code, C=native code)
V  [jvm.dll+0x32b57a]


Current CompileTask:
C2:   4821  606   !   4       sun.font.TrueTypeFont::getTableBuffer (199 bytes)


---------------  P R O C E S S  ---------------

Java Threads: ( => current thread )
  0x000000000803f000 JavaThread "AWT-EventQueue-0" [_thread_blocked, id=13356, stack(0x0000000008c20000,0x0000000008d20000)]
  0x0000000007fd9800 JavaThread "AWT-Shutdown" [_thread_blocked, id=13352, stack(0x0000000008b20000,0x0000000008c20000)]
  0x0000000007be2800 JavaThread "Image Fetcher 0" daemon [_thread_blocked, id=13332, stack(0x0000000008a20000,0x0000000008b20000)]
  0x0000000007b33000 JavaThread "AWT-Windows" daemon [_thread_in_native, id=13328, stack(0x00000000084f0000,0x00000000085f0000)]
  0x0000000007b2f800 JavaThread "Java2D Disposer" daemon [_thread_blocked, id=13320, stack(0x00000000082f0000,0x00000000083f0000)]
  0x0000000007250000 JavaThread "Service Thread" daemon [_thread_blocked, id=11512, stack(0x00000000077c0000,0x00000000078c0000)]
  0x00000000071cc800 JavaThread "C1 CompilerThread2" daemon [_thread_in_native, id=12788, stack(0x00000000076c0000,0x00000000077c0000)]
=>0x0000000005bcd000 JavaThread "C2 CompilerThread1" daemon [_thread_in_native, id=8280, stack(0x00000000075c0000,0x00000000076c0000)]
  0x0000000005bca800 JavaThread "C2 CompilerThread0" daemon [_thread_in_native, id=12436, stack(0x00000000070c0000,0x00000000071c0000)]
  0x0000000005b7f000 JavaThread "Attach Listener" daemon [_thread_blocked, id=9060, stack(0x0000000006fc0000,0x00000000070c0000)]
  0x0000000005b7e000 JavaThread "Signal Dispatcher" daemon [_thread_blocked, id=12352, stack(0x0000000006ec0000,0x0000000006fc0000)]
  0x0000000002616000 JavaThread "Finalizer" daemon [_thread_blocked, id=12444, stack(0x0000000006dc0000,0x0000000006ec0000)]
  0x000000000260d000 JavaThread "Reference Handler" daemon [_thread_blocked, id=7732, stack(0x0000000006cc0000,0x0000000006dc0000)]
  0x0000000002520800 JavaThread "main" [_thread_blocked, id=12616, stack(0x0000000002420000,0x0000000002520000)]

Other Threads:
  0x0000000005b37800 VMThread [stack: 0x0000000006bc0000,0x0000000006cc0000] [id=12324]
  0x0000000007262000 WatcherThread [stack: 0x00000000078c0000,0x00000000079c0000] [id=13316]

VM state:at safepoint (normal execution)

VM Mutex/Monitor currently owned by a thread:  ([mutex/lock_event])
[0x000000000241c390] Threads_lock - owner thread: 0x0000000005b37800
[0x000000000241bb10] Heap_lock - owner thread: 0x0000000002520800

Heap:
 PSYoungGen      total 18432K, used 15872K [0x00000000eb800000, 0x00000000ecc80000, 0x0000000100000000)
  eden space 15872K, 100% used [0x00000000eb800000,0x00000000ec780000,0x00000000ec780000)
  from space 2560K, 0% used [0x00000000eca00000,0x00000000eca00000,0x00000000ecc80000)
  to   space 2560K, 0% used [0x00000000ec780000,0x00000000ec780000,0x00000000eca00000)
 ParOldGen       total 42496K, used 0K [0x00000000c2800000, 0x00000000c5180000, 0x00000000eb800000)
  object space 42496K, 0% used [0x00000000c2800000,0x00000000c2800000,0x00000000c5180000)
 Metaspace       used 9560K, capacity 9702K, committed 9984K, reserved 1058816K
  class space    used 1118K, capacity 1189K, committed 1280K, reserved 1048576K

Card table byte_map: [0x00000000029e0000,0x0000000002bd0000] byte_map_base: 0x00000000023cc000

Marking Bits: (ParMarkBitMap*) 0x000000005d3c4040
 Begin Bits: [0x0000000003120000, 0x0000000004080000)
 End Bits:   [0x0000000004080000, 0x0000000004fe0000)

Polling page: 0x0000000000510000

CodeCache: size=245760Kb used=2583Kb max_used=2583Kb free=243177Kb
 bounds [0x000000000f010000, 0x000000000f2a0000, 0x000000001e010000]
 total_blobs=1060 nmethods=643 adapters=330
 compilation: enabled

Compilation events (10 events):
Event: 4.736 Thread 0x00000000071cc800  624       3       javax.swing.UIDefaults::get (21 bytes)
Event: 4.736 Thread 0x00000000071cc800 nmethod 624 0x000000000f283f50 code [0x000000000f2840c0, 0x000000000f2842f8]
Event: 4.736 Thread 0x00000000071cc800  625       3       java.lang.invoke.MethodType::insertParameterTypes (106 bytes)
Event: 4.738 Thread 0x00000000071cc800 nmethod 625 0x000000000f28a890 code [0x000000000f28ab40, 0x000000000f28be48]
Event: 4.741 Thread 0x00000000071cc800  626       1       java.awt.Color::getRGB (5 bytes)
Event: 4.741 Thread 0x00000000071cc800 nmethod 626 0x000000000f283850 code [0x000000000f2839a0, 0x000000000f283ab0]
Event: 4.741 Thread 0x00000000071cc800  627       3       javax.swing.SwingUtilities::appContextGet (8 bytes)
Event: 4.741 Thread 0x00000000071cc800 nmethod 627 0x000000000f28c8d0 code [0x000000000f28ca40, 0x000000000f28cc78]
Event: 4.741 Thread 0x00000000071cc800  628   !   3       javax.swing.UIManager::getLAFState (62 bytes)
Event: 4.742 Thread 0x00000000071cc800 nmethod 628 0x000000000f28cd50 code [0x000000000f28cf60, 0x000000000f28d968]

GC Heap History (0 events):
No events

Deoptimization events (9 events):
Event: 1.204 Thread 0x0000000002520800 Uncommon trap: reason=class_check action=maybe_recompile pc=0x000000000f19285c method=java.lang.String.equals(Ljava/lang/Object;)Z @ 8
Event: 1.204 Thread 0x0000000002520800 Uncommon trap: reason=class_check action=maybe_recompile pc=0x000000000f19285c method=java.lang.String.equals(Ljava/lang/Object;)Z @ 8
Event: 1.204 Thread 0x0000000002520800 Uncommon trap: reason=class_check action=maybe_recompile pc=0x000000000f19285c method=java.lang.String.equals(Ljava/lang/Object;)Z @ 8
Event: 1.204 Thread 0x0000000002520800 Uncommon trap: reason=class_check action=maybe_recompile pc=0x000000000f19285c method=java.lang.String.equals(Ljava/lang/Object;)Z @ 8
Event: 4.707 Thread 0x0000000002520800 Uncommon trap: reason=unstable_if action=reinterpret pc=0x000000000f266824 method=sun.font.TrueTypeFont.getDirectoryEntry(I)Lsun/font/TrueTypeFont$DirectoryEntry; @ 7
Event: 4.738 Thread 0x0000000002520800 Uncommon trap: reason=class_check action=maybe_recompile pc=0x000000000f27eb4c method=java.util.HashMap.getNode(ILjava/lang/Object;)Ljava/util/HashMap$Node; @ 59
Event: 4.738 Thread 0x0000000002520800 Uncommon trap: reason=class_check action=maybe_recompile pc=0x000000000f27eb4c method=java.util.HashMap.getNode(ILjava/lang/Object;)Ljava/util/HashMap$Node; @ 59
Event: 4.755 Thread 0x0000000002520800 Uncommon trap: reason=class_check action=maybe_recompile pc=0x000000000f27eb4c method=java.util.HashMap.getNode(ILjava/lang/Object;)Ljava/util/HashMap$Node; @ 59
Event: 4.770 Thread 0x0000000002520800 Uncommon trap: reason=class_check action=maybe_recompile pc=0x000000000f27eb4c method=java.util.HashMap.getNode(ILjava/lang/Object;)Ljava/util/HashMap$Node; @ 59

Internal exceptions (10 events):
Event: 0.172 Thread 0x0000000002520800 Exception <a 'java/security/PrivilegedActionException'> (0x00000000eb9146e0) thrown at [C:\re\workspace\8-2-build-windows-amd64-cygwin\jdk8u45\3627\hotspot\src\share\vm\prims\jvm.cpp, line 1382]
Event: 0.172 Thread 0x0000000002520800 Exception <a 'java/security/PrivilegedActionException'> (0x00000000eb914898) thrown at [C:\re\workspace\8-2-build-windows-amd64-cygwin\jdk8u45\3627\hotspot\src\share\vm\prims\jvm.cpp, line 1382]
Event: 0.172 Thread 0x0000000002520800 Exception <a 'java/security/PrivilegedActionException'> (0x00000000eb9166b0) thrown at [C:\re\workspace\8-2-build-windows-amd64-cygwin\jdk8u45\3627\hotspot\src\share\vm\prims\jvm.cpp, line 1382]
Event: 0.172 Thread 0x0000000002520800 Exception <a 'java/security/PrivilegedActionException'> (0x00000000eb916868) thrown at [C:\re\workspace\8-2-build-windows-amd64-cygwin\jdk8u45\3627\hotspot\src\share\vm\prims\jvm.cpp, line 1382]
Event: 0.217 Thread 0x0000000002520800 Exception <a 'java/io/FileNotFoundException'> (0x00000000eb9bfe70) thrown at [C:\re\workspace\8-2-build-windows-amd64-cygwin\jdk8u45\3627\hotspot\src\share\vm\prims\jni.cpp, line 709]
Event: 0.244 Thread 0x0000000002520800 Exception <a 'java/io/FileNotFoundException'> (0x00000000eb9dfda8) thrown at [C:\re\workspace\8-2-build-windows-amd64-cygwin\jdk8u45\3627\hotspot\src\share\vm\prims\jni.cpp, line 709]
Event: 0.303 Thread 0x0000000002520800 Exception <a 'java/lang/NoSuchFieldError': method resolution failed> (0x00000000ebab4288) thrown at [C:\re\workspace\8-2-build-windows-amd64-cygwin\jdk8u45\3627\hotspot\src\share\vm\prims\methodHandles.cpp, line 1125]
Event: 0.306 Thread 0x0000000002520800 Exception <a 'java/lang/NoSuchFieldError': method resolution failed> (0x00000000ebac2cc8) thrown at [C:\re\workspace\8-2-build-windows-amd64-cygwin\jdk8u45\3627\hotspot\src\share\vm\prims\methodHandles.cpp, line 1125]
Event: 0.447 Thread 0x0000000002520800 Exception <a 'java/io/FileNotFoundException'> (0x00000000ebcaa890) thrown at [C:\re\workspace\8-2-build-windows-amd64-cygwin\jdk8u45\3627\hotspot\src\share\vm\prims\jni.cpp, line 709]
Event: 0.447 Thread 0x0000000002520800 Exception <a 'java/lang/NullPointerException'> (0x00000000ebcaae18) thrown at [C:\re\workspace\8-2-build-windows-amd64-cygwin\jdk8u45\3627\hotspot\src\share\vm\interpreter\linkResolver.cpp, line 1178]

Events (10 events):
Event: 4.755 Thread 0x0000000002520800 Uncommon trap: trap_request=0xffffffde fr.pc=0x000000000f27eb4c
Event: 4.755 Thread 0x0000000002520800 DEOPT PACKING pc=0x000000000f27eb4c sp=0x000000000251d060
Event: 4.755 Thread 0x0000000002520800 DEOPT UNPACKING pc=0x000000000f05582a sp=0x000000000251cfd0 mode 2
Event: 4.757 loading class services/depart/Depart
Event: 4.757 loading class services/depart/Depart done
Event: 4.770 Thread 0x0000000002520800 Uncommon trap: trap_request=0xffffffde fr.pc=0x000000000f27eb4c
Event: 4.770 Thread 0x0000000002520800 DEOPT PACKING pc=0x000000000f27eb4c sp=0x000000000251d330
Event: 4.770 Thread 0x0000000002520800 DEOPT UNPACKING pc=0x000000000f05582a sp=0x000000000251d2a0 mode 2
Event: 4.770 loading class persistences/depart/DepartDAO
Event: 4.770 loading class persistences/depart/DepartDAO done


Dynamic libraries:
0x00007ff66e7e0000 - 0x00007ff66e817000 	F:\JDK\bin\javaw.exe
0x00007ffd0a250000 - 0x00007ffd0a411000 	C:\WINDOWS\SYSTEM32\ntdll.dll
0x00007ffd07850000 - 0x00007ffd078fd000 	C:\WINDOWS\system32\KERNEL32.DLL
0x00007ffd06c40000 - 0x00007ffd06e28000 	C:\WINDOWS\system32\KERNELBASE.dll
0x00007ffd09c40000 - 0x00007ffd09ce7000 	C:\WINDOWS\system32\ADVAPI32.dll
0x00007ffd092a0000 - 0x00007ffd0933d000 	C:\WINDOWS\system32\msvcrt.dll
0x00007ffd091d0000 - 0x00007ffd0922b000 	C:\WINDOWS\system32\sechost.dll
0x00007ffd0a0d0000 - 0x00007ffd0a1ec000 	C:\WINDOWS\system32\RPCRT4.dll
0x00007ffd09930000 - 0x00007ffd09a86000 	C:\WINDOWS\system32\USER32.dll
0x00007ffd09f40000 - 0x00007ffd0a0c6000 	C:\WINDOWS\system32\GDI32.dll
0x00007ffcfcd40000 - 0x00007ffcfcfb4000 	C:\WINDOWS\WinSxS\amd64_microsoft.windows.common-controls_6595b64144ccf1df_6.0.10586.0_none_8c15ae12515e1c22\COMCTL32.dll
0x00007ffd07900000 - 0x00007ffd07b7d000 	C:\WINDOWS\system32\combase.dll
0x00007ffd07510000 - 0x00007ffd0757a000 	C:\WINDOWS\system32\bcryptPrimitives.dll
0x00007ffd07b80000 - 0x00007ffd07bbb000 	C:\WINDOWS\system32\IMM32.DLL
0x00007ffd06760000 - 0x00007ffd06791000 	C:\WINDOWS\system32\nvinitx.dll
0x00007ffd06750000 - 0x00007ffd0675a000 	C:\WINDOWS\SYSTEM32\VERSION.dll
0x000000000f000000 - 0x000000000f006000 	C:\Program Files\NVIDIA Corporation\CoProcManager\_etoured.dll
0x00007ffd03810000 - 0x00007ffd03842000 	C:\Program Files\NVIDIA Corporation\CoProcManager\nvd3d9wrapx.dll
0x00007ffd09340000 - 0x00007ffd09769000 	C:\WINDOWS\system32\SETUPAPI.dll
0x00007ffd07600000 - 0x00007ffd07643000 	C:\WINDOWS\system32\CFGMGR32.dll
0x00007ffd03770000 - 0x00007ffd03792000 	C:\Program Files\NVIDIA Corporation\CoProcManager\nvdxgiwrapx.dll
0x000000005c800000 - 0x000000005c8d2000 	F:\JDK\jre\bin\msvcr100.dll
0x000000005cbc0000 - 0x000000005d443000 	F:\JDK\jre\bin\server\jvm.dll
0x00007ffd07840000 - 0x00007ffd07848000 	C:\WINDOWS\system32\PSAPI.DLL
0x00007ffd047b0000 - 0x00007ffd047d3000 	C:\WINDOWS\SYSTEM32\WINMM.dll
0x00007ffcfa990000 - 0x00007ffcfa999000 	C:\WINDOWS\SYSTEM32\WSOCK32.dll
0x00007ffd07650000 - 0x00007ffd076bb000 	C:\WINDOWS\system32\WS2_32.dll
0x0000000002390000 - 0x00000000023bc000 	C:\WINDOWS\SYSTEM32\WINMMBASE.dll
0x000000005cbb0000 - 0x000000005cbbf000 	F:\JDK\jre\bin\verify.dll
0x000000005cb80000 - 0x000000005cba9000 	F:\JDK\jre\bin\java.dll
0x000000005cb60000 - 0x000000005cb76000 	F:\JDK\jre\bin\zip.dll
0x00007ffd07c70000 - 0x00007ffd091cf000 	C:\WINDOWS\system32\SHELL32.dll
0x00007ffd06e30000 - 0x00007ffd07474000 	C:\WINDOWS\system32\windows.storage.dll
0x00007ffd09dd0000 - 0x00007ffd09e22000 	C:\WINDOWS\system32\shlwapi.dll
0x00007ffd06880000 - 0x00007ffd0688f000 	C:\WINDOWS\system32\kernel.appcore.dll
0x00007ffd06ad0000 - 0x00007ffd06b85000 	C:\WINDOWS\system32\shcore.dll
0x00007ffd06890000 - 0x00007ffd068db000 	C:\WINDOWS\system32\powrprof.dll
0x00007ffd068e0000 - 0x00007ffd068f4000 	C:\WINDOWS\system32\profapi.dll
0x000000005c980000 - 0x000000005cb18000 	F:\JDK\jre\bin\awt.dll
0x00007ffd09d00000 - 0x00007ffd09dc1000 	C:\WINDOWS\system32\OLEAUT32.dll
0x00007ffd05010000 - 0x00007ffd05089000 	C:\WINDOWS\system32\apphelp.dll
0x00007ffd032e0000 - 0x00007ffd03302000 	C:\WINDOWS\system32\DWMAPI.DLL
0x00007ffd05280000 - 0x00007ffd05316000 	C:\WINDOWS\system32\uxtheme.dll
0x00007ffd076c0000 - 0x00007ffd0781a000 	C:\WINDOWS\system32\MSCTF.dll
0x00007ffd09780000 - 0x00007ffd098c3000 	C:\WINDOWS\system32\ole32.dll
0x000000005c930000 - 0x000000005c977000 	F:\JDK\jre\bin\fontmanager.dll
0x000000005cb40000 - 0x000000005cb5a000 	F:\JDK\jre\bin\net.dll
0x00007ffd060f0000 - 0x00007ffd0614c000 	C:\WINDOWS\system32\mswsock.dll
0x000000005cb20000 - 0x000000005cb31000 	F:\JDK\jre\bin\nio.dll
0x000000005c8e0000 - 0x000000005c921000 	F:\JDK\jre\bin\t2k.dll

VM Arguments:
jvm_args: -Dfile.encoding=GBK 
java_command: forms.trainplan.Plan_emp
java_class_path (initial): F:\git\ManageSystem\MIS\bin;F:\git\ManageSystem\MIS\lib\commons-dbutils-1.6.jar;F:\git\ManageSystem\MIS\lib\Mysql_Connector_Java_5.1.18.jar;F:\git\ManageSystem\MIS\lib\sqljdbc4.jar;F:\git\ManageSystem\MIS\lib\jgoodies-forms-1.8.0.jar;F:\git\ManageSystem\MIS\lib\miglayout15-swing.jar;F:\git\ManageSystem\MIS\lib\commons-lang3-3.4.jar
Launcher Type: SUN_STANDARD

Environment Variables:
PATH=F:/JDK/bin/../jre/bin/server;F:/JDK/bin/../jre/bin;F:/JDK/bin/../jre/lib/amd64;F:\JDK\bin;C:\WINDOWS\system32;C:\WINDOWS;C:\WINDOWS\System32\Wbem;C:\WINDOWS\System32\WindowsPowerShell\v1.0\;G:\SQL Server\90\DTS\Binn\;G:\Program Files\SQL\100\Tools\Binn\;G:\Program Files\SQL\100\DTS\Binn\;G:\Program Files\SQL\100\Tools\Binn\VSShell\Common7\IDE\;C:\Program Files (x86)\Microsoft Visual Studio 9.0\Common7\IDE\PrivateAssemblies\;C:\Program Files\MySQL\MySQL Server 5.0\bin;G:\Program Files (x86)\UE;G:\Program Files (x86);G:\Program Files (x86)\UC\;G:\Program Files (x86)\eclipse;
USERNAME=14713
OS=Windows_NT
PROCESSOR_IDENTIFIER=Intel64 Family 6 Model 58 Stepping 9, GenuineIntel



---------------  S Y S T E M  ---------------

OS: Windows 10.0 , 64 bit Build 10586 (10.0.10586.0)

CPU:total 4 (2 cores per cpu, 2 threads per core) family 6 model 58 stepping 9, cmov, cx8, fxsr, mmx, sse, sse2, sse3, ssse3, sse4.1, sse4.2, popcnt, avx, clmul, erms, ht, tsc, tscinvbit, tscinv

Memory: 4k page, physical 4028592k(1499720k free), swap 6142128k(2172k free)

vm_info: Java HotSpot(TM) 64-Bit Server VM (25.45-b02) for windows-amd64 JRE (1.8.0_45-b15), built on Apr 30 2015 12:40:44 by "java_re" with MS VC++ 10.0 (VS2010)

time: Mon Jan 04 21:02:44 2016
elapsed time: 4 seconds (0d 0h 0m 4s)

