#
# There is insufficient memory for the Java Runtime Environment to continue.
# Native memory allocation (malloc) failed to allocate 1048576 bytes for AllocateHeap
# Possible reasons:
#   The system is out of physical RAM or swap space
#   In 32 bit mode, the process size limit was hit
# Possible solutions:
#   Reduce memory load on the system
#   Increase physical memory or swap space
#   Check if swap backing store is full
#   Use 64 bit Java on a 64 bit OS
#   Decrease Java heap size (-Xmx/-Xms)
#   Decrease number of Java threads
#   Decrease Java thread stack sizes (-Xss)
#   Set larger code cache with -XX:ReservedCodeCacheSize=
# This output file may be truncated or incomplete.
#
#  Out of Memory Error (memory/allocation.inline.hpp:61), pid=9984, tid=2156
#
# JRE version:  (8.0_45-b15) (build )
# Java VM: Java HotSpot(TM) 64-Bit Server VM (25.45-b02 mixed mode windows-amd64 compressed oops)
# Failed to write core dump. Minidumps are not enabled by default on client versions of Windows
#

---------------  T H R E A D  ---------------

Current thread (0x0000000002560800):  JavaThread "Unknown thread" [_thread_in_vm, id=2156, stack(0x0000000002080000,0x0000000002180000)]

Stack: [0x0000000002080000,0x0000000002180000]
Native frames: (J=compiled Java code, j=interpreted, Vv=VM code, C=native code)
V  [jvm.dll+0x32b57a]


---------------  P R O C E S S  ---------------

Java Threads: ( => current thread )

Other Threads:

=>0x0000000002560800 (exited) JavaThread "Unknown thread" [_thread_in_vm, id=2156, stack(0x0000000002080000,0x0000000002180000)]

VM state:not at safepoint (normal execution)

VM Mutex/Monitor currently owned by a thread: None

Heap:
 PSYoungGen      total 18432K, used 317K [0x00000000eb800000, 0x00000000ecc80000, 0x0000000100000000)
  eden space 15872K, 2% used [0x00000000eb800000,0x00000000eb84f5d0,0x00000000ec780000)
  from space 2560K, 0% used [0x00000000eca00000,0x00000000eca00000,0x00000000ecc80000)
  to   space 2560K, 0% used [0x00000000ec780000,0x00000000ec780000,0x00000000eca00000)
 ParOldGen       total 42496K, used 0K [0x00000000c2800000, 0x00000000c5180000, 0x00000000eb800000)
  object space 42496K, 0% used [0x00000000c2800000,0x00000000c2800000,0x00000000c5180000)
 Metaspace       used 766K, capacity 4480K, committed 4480K, reserved 1056768K
  class space    used 75K, capacity 384K, committed 384K, reserved 1048576K

Card table byte_map: [0x0000000002a20000,0x0000000002c10000] byte_map_base: 0x000000000240c000

Marking Bits: (ParMarkBitMap*) 0x000000005d3e4040
 Begin Bits: [0x0000000003160000, 0x00000000040c0000)
 End Bits:   [0x00000000040c0000, 0x0000000005020000)

Polling page: 0x00000000001f0000

CodeCache: size=245760Kb used=328Kb max_used=328Kb free=245431Kb
 bounds [0x000000000f010000, 0x000000000f280000, 0x000000001e010000]
 total_blobs=57 nmethods=0 adapters=37
 compilation: enabled

Compilation events (0 events):
No events

GC Heap History (0 events):
No events

Deoptimization events (0 events):
No events

Internal exceptions (0 events):
No events

Events (10 events):
Event: 0.039 loading class java/lang/Short
Event: 0.039 loading class java/lang/Short done
Event: 0.039 loading class java/lang/Integer
Event: 0.040 loading class java/lang/Integer done
Event: 0.040 loading class java/lang/Long
Event: 0.040 loading class java/lang/Long done
Event: 0.040 loading class java/lang/NullPointerException
Event: 0.040 loading class java/lang/NullPointerException done
Event: 0.040 loading class java/lang/ArithmeticException
Event: 0.040 loading class java/lang/ArithmeticException done


Dynamic libraries:
0x00007ff7bb900000 - 0x00007ff7bb937000 	F:\JDK\bin\javaw.exe
0x00007ffd0a250000 - 0x00007ffd0a411000 	C:\WINDOWS\SYSTEM32\ntdll.dll
0x00007ffd07850000 - 0x00007ffd078fd000 	C:\WINDOWS\system32\KERNEL32.DLL
0x00007ffd06c40000 - 0x00007ffd06e28000 	C:\WINDOWS\system32\KERNELBASE.dll
0x00007ffd09c40000 - 0x00007ffd09ce7000 	C:\WINDOWS\system32\ADVAPI32.dll
0x00007ffd092a0000 - 0x00007ffd0933d000 	C:\WINDOWS\system32\msvcrt.dll
0x00007ffd091d0000 - 0x00007ffd0922b000 	C:\WINDOWS\system32\sechost.dll
0x00007ffd0a0d0000 - 0x00007ffd0a1ec000 	C:\WINDOWS\system32\RPCRT4.dll
0x00007ffd09930000 - 0x00007ffd09a86000 	C:\WINDOWS\system32\USER32.dll
0x00007ffd09f40000 - 0x00007ffd0a0c6000 	C:\WINDOWS\system32\GDI32.dll
0x00007ffcfcd40000 - 0x00007ffcfcfb4000 	C:\WINDOWS\WinSxS\amd64_microsoft.windows.common-controls_6595b64144ccf1df_6.0.10586.0_none_8c15ae12515e1c22\COMCTL32.dll
0x00007ffd07900000 - 0x00007ffd07b7d000 	C:\WINDOWS\system32\combase.dll
0x00007ffd07510000 - 0x00007ffd0757a000 	C:\WINDOWS\system32\bcryptPrimitives.dll
0x00007ffd07b80000 - 0x00007ffd07bbb000 	C:\WINDOWS\system32\IMM32.DLL
0x00007ffd06760000 - 0x00007ffd06791000 	C:\WINDOWS\system32\nvinitx.dll
0x00007ffd06750000 - 0x00007ffd0675a000 	C:\WINDOWS\SYSTEM32\VERSION.dll
0x000000000f000000 - 0x000000000f006000 	C:\Program Files\NVIDIA Corporation\CoProcManager\_etoured.dll
0x00007ffd03810000 - 0x00007ffd03842000 	C:\Program Files\NVIDIA Corporation\CoProcManager\nvd3d9wrapx.dll
0x00007ffd09340000 - 0x00007ffd09769000 	C:\WINDOWS\system32\SETUPAPI.dll
0x00007ffd07600000 - 0x00007ffd07643000 	C:\WINDOWS\system32\CFGMGR32.dll
0x00007ffd03770000 - 0x00007ffd03792000 	C:\Program Files\NVIDIA Corporation\CoProcManager\nvdxgiwrapx.dll
0x000000005c800000 - 0x000000005c8d2000 	F:\JDK\jre\bin\msvcr100.dll
0x000000005cbe0000 - 0x000000005d463000 	F:\JDK\jre\bin\server\jvm.dll
0x00007ffd07840000 - 0x00007ffd07848000 	C:\WINDOWS\system32\PSAPI.DLL
0x00007ffcfa990000 - 0x00007ffcfa999000 	C:\WINDOWS\SYSTEM32\WSOCK32.dll
0x00007ffd047b0000 - 0x00007ffd047d3000 	C:\WINDOWS\SYSTEM32\WINMM.dll
0x00007ffd07650000 - 0x00007ffd076bb000 	C:\WINDOWS\system32\WS2_32.dll
0x00007ffd04700000 - 0x00007ffd0472c000 	C:\WINDOWS\SYSTEM32\WINMMBASE.dll
0x000000005cbd0000 - 0x000000005cbdf000 	F:\JDK\jre\bin\verify.dll
0x000000005cba0000 - 0x000000005cbc9000 	F:\JDK\jre\bin\java.dll
0x000000005cb80000 - 0x000000005cb96000 	F:\JDK\jre\bin\zip.dll
0x00007ffcf73d0000 - 0x00007ffcf755c000 	C:\WINDOWS\SYSTEM32\dbghelp.dll

VM Arguments:
jvm_args: -Dfile.encoding=GBK 
java_command: forms.trainplan.Plan_emp
java_class_path (initial): F:\git\ManageSystem\MIS\bin;F:\git\ManageSystem\MIS\lib\commons-dbutils-1.6.jar;F:\git\ManageSystem\MIS\lib\Mysql_Connector_Java_5.1.18.jar;F:\git\ManageSystem\MIS\lib\sqljdbc4.jar;F:\git\ManageSystem\MIS\lib\jgoodies-forms-1.8.0.jar;F:\git\ManageSystem\MIS\lib\miglayout15-swing.jar;F:\git\ManageSystem\MIS\lib\commons-lang3-3.4.jar
Launcher Type: SUN_STANDARD

Environment Variables:
PATH=F:/JDK/bin/../jre/bin/server;F:/JDK/bin/../jre/bin;F:/JDK/bin/../jre/lib/amd64;F:\JDK\bin;C:\WINDOWS\system32;C:\WINDOWS;C:\WINDOWS\System32\Wbem;C:\WINDOWS\System32\WindowsPowerShell\v1.0\;G:\SQL Server\90\DTS\Binn\;G:\Program Files\SQL\100\Tools\Binn\;G:\Program Files\SQL\100\DTS\Binn\;G:\Program Files\SQL\100\Tools\Binn\VSShell\Common7\IDE\;C:\Program Files (x86)\Microsoft Visual Studio 9.0\Common7\IDE\PrivateAssemblies\;C:\Program Files\MySQL\MySQL Server 5.0\bin;G:\Program Files (x86)\UE;G:\Program Files (x86);G:\Program Files (x86)\UC\;G:\Program Files (x86)\eclipse;
USERNAME=14713
OS=Windows_NT
PROCESSOR_IDENTIFIER=Intel64 Family 6 Model 58 Stepping 9, GenuineIntel



---------------  S Y S T E M  ---------------

OS: Windows 10.0 , 64 bit Build 10586 (10.0.10586.0)

CPU:total 4 (2 cores per cpu, 2 threads per core) family 6 model 58 stepping 9, cmov, cx8, fxsr, mmx, sse, sse2, sse3, ssse3, sse4.1, sse4.2, popcnt, avx, clmul, erms, ht, tsc, tscinvbit, tscinv

Memory: 4k page, physical 4028592k(1259488k free), swap 6142128k(4128k free)

vm_info: Java HotSpot(TM) 64-Bit Server VM (25.45-b02) for windows-amd64 JRE (1.8.0_45-b15), built on Apr 30 2015 12:40:44 by "java_re" with MS VC++ 10.0 (VS2010)

time: Mon Jan 04 16:22:57 2016
elapsed time: 0 seconds (0d 0h 0m 0s)

